\BOOKMARK [1][-]{section.1}{P, NP and NPC.}{}% 1
\BOOKMARK [2][-]{subsection.1.1}{Disposition}{section.1}% 2
\BOOKMARK [2][-]{subsection.1.2}{Emne detaljer}{section.1}% 3
\BOOKMARK [3][-]{subsubsection.1.2.1}{Def. Problemer, Sprog, Encoding \046 Stand-in Sprog}{subsection.1.2}% 4
\BOOKMARK [3][-]{subsubsection.1.2.2}{Def. P, NP, NP-hard \046 NPC}{subsection.1.2}% 5
\BOOKMARK [3][-]{subsubsection.1.2.3}{Def. Polynomial time computable maps}{subsection.1.2}% 6
\BOOKMARK [3][-]{subsubsection.1.2.4}{Def. Polynomielt \346kvivalente representationer}{subsection.1.2}% 7
\BOOKMARK [3][-]{subsubsection.1.2.5}{Def. Reduktioner}{subsection.1.2}% 8
\BOOKMARK [3][-]{subsubsection.1.2.6}{Lemma 7}{subsection.1.2}% 9
\BOOKMARK [3][-]{subsubsection.1.2.7}{Proposition 5}{subsection.1.2}% 10
\BOOKMARK [3][-]{subsubsection.1.2.8}{Proposition 6}{subsection.1.2}% 11
\BOOKMARK [3][-]{subsubsection.1.2.9}{Theorem 9.4}{subsection.1.2}% 12
\BOOKMARK [1][-]{section.2}{Cook's theorem and the complexity of variants of SAT.}{}% 13
\BOOKMARK [2][-]{subsection.2.1}{Disposition}{section.2}% 14
\BOOKMARK [2][-]{subsection.2.2}{Emne detaljer}{section.2}% 15
\BOOKMARK [3][-]{subsubsection.2.2.1}{Def. P, NP, NP-hard \046 NPC}{subsection.2.2}% 16
\BOOKMARK [3][-]{subsubsection.2.2.2}{Def. Reduktioner}{subsection.2.2}% 17
\BOOKMARK [3][-]{subsubsection.2.2.3}{Lemma 7}{subsection.2.2}% 18
\BOOKMARK [3][-]{subsubsection.2.2.4}{CNF \046 Boolean Circuits}{subsection.2.2}% 19
\BOOKMARK [3][-]{subsubsection.2.2.5}{Lemma 8}{subsection.2.2}% 20
\BOOKMARK [3][-]{subsubsection.2.2.6}{Lemma 9}{subsection.2.2}% 21
\BOOKMARK [3][-]{subsubsection.2.2.7}{Cook's Theorem}{subsection.2.2}% 22
\BOOKMARK [3][-]{subsubsection.2.2.8}{Theorem 11}{subsection.2.2}% 23
\BOOKMARK [3][-]{subsubsection.2.2.9}{Proposition 12}{subsection.2.2}% 24
\BOOKMARK [3][-]{subsubsection.2.2.10}{Proposition 9.2}{subsection.2.2}% 25
\BOOKMARK [3][-]{subsubsection.2.2.11}{Andre SAT varianter}{subsection.2.2}% 26
\BOOKMARK [1][-]{section.3}{NP-complete graph problems.}{}% 27
\BOOKMARK [2][-]{subsection.3.1}{Disposition}{section.3}% 28
\BOOKMARK [2][-]{subsection.3.2}{Emne detaljer}{section.3}% 29
\BOOKMARK [3][-]{subsubsection.3.2.1}{Def. Reduktioner}{subsection.3.2}% 30
\BOOKMARK [3][-]{subsubsection.3.2.2}{Lemma 7}{subsection.3.2}% 31
\BOOKMARK [3][-]{subsubsection.3.2.3}{Cook's Theorem}{subsection.3.2}% 32
\BOOKMARK [3][-]{subsubsection.3.2.4}{Proposition 9.2}{subsection.3.2}% 33
\BOOKMARK [3][-]{subsubsection.3.2.5}{Theorem 9.4}{subsection.3.2}% 34
\BOOKMARK [3][-]{subsubsection.3.2.6}{Theorem 9.7}{subsection.3.2}% 35
\BOOKMARK [3][-]{subsubsection.3.2.7}{Collary: \(TSP \040NPC\)}{subsection.3.2}% 36
\BOOKMARK [1][-]{section.4}{NP-complete problems involving sets and numbers.}{}% 37
\BOOKMARK [2][-]{subsection.4.1}{Disposition}{section.4}% 38
\BOOKMARK [2][-]{subsection.4.2}{Emne detaljer}{section.4}% 39
\BOOKMARK [3][-]{subsubsection.4.2.1}{Def. P, NP, NP-hard \046 NPC}{subsection.4.2}% 40
\BOOKMARK [3][-]{subsubsection.4.2.2}{Def. Reduktioner}{subsection.4.2}% 41
\BOOKMARK [3][-]{subsubsection.4.2.3}{Cook's Theorem}{subsection.4.2}% 42
\BOOKMARK [3][-]{subsubsection.4.2.4}{Proposition 9.2}{subsection.4.2}% 43
\BOOKMARK [3][-]{subsubsection.4.2.5}{Theorem 9.9}{subsection.4.2}% 44
\BOOKMARK [3][-]{subsubsection.4.2.6}{Collary: Andre problemer med s\346t i NPC}{subsection.4.2}% 45
\BOOKMARK [3][-]{subsubsection.4.2.7}{Theorem: \(EXACT COVER BY 3-SETS \040KNAPSACK\)}{subsection.4.2}% 46
\BOOKMARK [1][-]{section.5}{Local search heuristics for TSP}{}% 47
\BOOKMARK [2][-]{subsection.5.1}{Disposition}{section.5}% 48
\BOOKMARK [2][-]{subsection.5.2}{Emne detaljer}{section.5}% 49
\BOOKMARK [3][-]{subsubsection.5.2.1}{Def. P, NP, NP-hard \046 NPC}{subsection.5.2}% 50
\BOOKMARK [3][-]{subsubsection.5.2.2}{L\370sning af NPC problemer}{subsection.5.2}% 51
\BOOKMARK [3][-]{subsubsection.5.2.3}{Local search heuristics}{subsection.5.2}% 52
\BOOKMARK [3][-]{subsubsection.5.2.4}{Def. TSP}{subsection.5.2}% 53
\BOOKMARK [3][-]{subsubsection.5.2.5}{Teoretiske begr\346nsninger}{subsection.5.2}% 54
\BOOKMARK [3][-]{subsubsection.5.2.6}{Held-Karp lower bound}{subsection.5.2}% 55
\BOOKMARK [3][-]{subsubsection.5.2.7}{Tour Construction Heuristics}{subsection.5.2}% 56
\BOOKMARK [3][-]{subsubsection.5.2.8}{Lokale Optimeringsalgoritmer}{subsection.5.2}% 57
\BOOKMARK [3][-]{subsubsection.5.2.9}{Nye optimeringstilgange}{subsection.5.2}% 58
\BOOKMARK [1][-]{section.6}{Approximation algorithms}{}% 59
\BOOKMARK [2][-]{subsection.6.1}{Disposition}{section.6}% 60
\BOOKMARK [2][-]{subsection.6.2}{Emne detaljer}{section.6}% 61
\BOOKMARK [3][-]{subsubsection.6.2.1}{Def. P, NP, NP-hard \046 NPC}{subsection.6.2}% 62
\BOOKMARK [3][-]{subsubsection.6.2.2}{L\370sning af NPC problemer}{subsection.6.2}% 63
\BOOKMARK [3][-]{subsubsection.6.2.3}{Approximationsalgoritmer}{subsection.6.2}% 64
\BOOKMARK [3][-]{subsubsection.6.2.4}{Approximation Schemes}{subsection.6.2}% 65
\BOOKMARK [3][-]{subsubsection.6.2.5}{Algoritmedesign}{subsection.6.2}% 66
\BOOKMARK [3][-]{subsubsection.6.2.6}{Relaxation af TSP}{subsection.6.2}% 67
\BOOKMARK [3][-]{subsubsection.6.2.7}{Approximering af general TSP}{subsection.6.2}% 68
